<?xml version="1.0" encoding="UTF-8"?>
<testsuite name="com.example.usersapp.UsersAppApplicationTests" tests="1" skipped="0" failures="0" errors="0" timestamp="2024-06-20T22:02:30" hostname="AR0FVFH24YPQ05N" time="0.325">
  <properties/>
  <testcase name="contextLoads()" classname="com.example.usersapp.UsersAppApplicationTests" time="0.325"/>
  <system-out><![CDATA[19:02:27.530 [Test worker] INFO org.springframework.test.context.support.AnnotationConfigContextLoaderUtils -- Could not detect default configuration classes for test class [com.example.usersapp.UsersAppApplicationTests]: UsersAppApplicationTests does not declare any static, non-private, non-final, nested classes annotated with @Configuration.
19:02:27.578 [Test worker] INFO org.springframework.boot.test.context.SpringBootTestContextBootstrapper -- Found @SpringBootConfiguration com.example.usersapp.UsersAppApplication for test class com.example.usersapp.UsersAppApplicationTests
  .   ____          _            __ _ _
 /\\ / ___'_ __ _ _(_)_ __  __ _ \ \ \ \
( ( )\___ | '_ | '_| | '_ \/ _` | \ \ \ \
 \\/  ___)| |_)| | | | | || (_| |  ) ) ) )
  '  |____| .__|_| |_|_| |_\__, | / / / /
 =========|_|==============|___/=/_/_/_/

 :: Spring Boot ::                (v3.3.0)

2024-06-20T19:02:27.790-03:00  INFO 94143 --- [users-app] [    Test worker] c.e.usersapp.UsersAppApplicationTests    : Starting UsersAppApplicationTests using Java 17.0.9 with PID 94143 (started by trosales in /Users/trosales/Desktop/java-spring/users-app)
2024-06-20T19:02:27.790-03:00  INFO 94143 --- [users-app] [    Test worker] c.e.usersapp.UsersAppApplicationTests    : No active profile set, falling back to 1 default profile: "default"
2024-06-20T19:02:28.259-03:00  INFO 94143 --- [users-app] [    Test worker] .s.d.r.c.RepositoryConfigurationDelegate : Bootstrapping Spring Data JPA repositories in DEFAULT mode.
2024-06-20T19:02:28.365-03:00  INFO 94143 --- [users-app] [    Test worker] .s.d.r.c.RepositoryConfigurationDelegate : Finished Spring Data repository scanning in 102 ms. Found 4 JPA repository interfaces.
2024-06-20T19:02:28.785-03:00  INFO 94143 --- [users-app] [    Test worker] o.hibernate.jpa.internal.util.LogHelper  : HHH000204: Processing PersistenceUnitInfo [name: default]
2024-06-20T19:02:28.808-03:00  INFO 94143 --- [users-app] [    Test worker] org.hibernate.Version                    : HHH000412: Hibernate ORM core version 6.5.2.Final
2024-06-20T19:02:28.824-03:00  INFO 94143 --- [users-app] [    Test worker] o.h.c.internal.RegionFactoryInitiator    : HHH000026: Second-level cache disabled
2024-06-20T19:02:28.949-03:00  INFO 94143 --- [users-app] [    Test worker] o.s.o.j.p.SpringPersistenceUnitInfo      : No LoadTimeWeaver setup: ignoring JPA class transformer
2024-06-20T19:02:28.960-03:00  INFO 94143 --- [users-app] [    Test worker] com.zaxxer.hikari.HikariDataSource       : HikariPool-1 - Starting...
2024-06-20T19:02:29.063-03:00  INFO 94143 --- [users-app] [    Test worker] com.zaxxer.hikari.pool.HikariPool        : HikariPool-1 - Added connection conn0: url=jdbc:h2:file:./data/app_db user=SA
2024-06-20T19:02:29.064-03:00  INFO 94143 --- [users-app] [    Test worker] com.zaxxer.hikari.HikariDataSource       : HikariPool-1 - Start completed.
2024-06-20T19:02:29.511-03:00  INFO 94143 --- [users-app] [    Test worker] o.h.e.t.j.p.i.JtaPlatformInitiator       : HHH000489: No JTA platform available (set 'hibernate.transaction.jta.platform' to enable JTA platform integration)
2024-06-20T19:02:29.546-03:00  INFO 94143 --- [users-app] [    Test worker] j.LocalContainerEntityManagerFactoryBean : Initialized JPA EntityManagerFactory for persistence unit 'default'
2024-06-20T19:02:29.875-03:00  INFO 94143 --- [users-app] [    Test worker] org.redisson.Version                     : Redisson 3.20.0
2024-06-20T19:02:29.900-03:00  WARN 94143 --- [users-app] [    Test worker] i.n.r.d.DnsServerAddressStreamProviders  : Can not find io.netty.resolver.dns.macos.MacOSDnsServerAddressStreamProvider in the classpath, fallback to system defaults. This may result in incorrect DNS resolutions on MacOS. Check whether you have a dependency on 'io.netty:netty-resolver-dns-native-macos'
2024-06-20T19:02:29.989-03:00  INFO 94143 --- [users-app] [isson-netty-2-5] o.r.c.pool.MasterPubSubConnectionPool    : 1 connections initialized for 127.0.0.1/127.0.0.1:6379
2024-06-20T19:02:30.047-03:00  INFO 94143 --- [users-app] [sson-netty-2-19] o.r.c.pool.MasterConnectionPool          : 24 connections initialized for 127.0.0.1/127.0.0.1:6379
2024-06-20T19:02:30.246-03:00  WARN 94143 --- [users-app] [    Test worker] JpaBaseConfiguration$JpaWebConfiguration : spring.jpa.open-in-view is enabled by default. Therefore, database queries may be performed during view rendering. Explicitly configure spring.jpa.open-in-view to disable this warning
2024-06-20T19:02:30.693-03:00  INFO 94143 --- [users-app] [    Test worker] o.s.b.a.e.web.EndpointLinksResolver      : Exposing 3 endpoints beneath base path '/actuator'
2024-06-20T19:02:30.736-03:00  INFO 94143 --- [users-app] [    Test worker] c.e.usersapp.UsersAppApplicationTests    : Started UsersAppApplicationTests in 3.086 seconds (process running for 3.619)
]]></system-out>
  <system-err><![CDATA[]]></system-err>
</testsuite>
